2025-04-24 22:06:48 ERROR org.example.client.Client - Не удалось подключиться
2025-04-24 22:07:03 INFO  org.example.server.Server - Сервер запущен
2025-04-24 22:07:45 INFO  org.example.server.Server - Получено соединение с CLIENT
2025-04-24 22:08:49 INFO  org.example.server.Server - Сервер запущен
2025-04-24 22:08:51 INFO  org.example.server.Server - Получено соединение с CLIENT
2025-04-24 22:11:13 ERROR org.example.client.Client - Не удалось подключиться
2025-04-24 22:21:50 INFO  org.example.client.Client - Попытка подключения...
2025-04-24 22:22:33 INFO  org.example.client.Client - Попытка подключения...
2025-04-24 22:27:06 INFO  org.example.client.Client - Попытка подключения к localhost:1234
2025-04-24 22:27:06 WARN  org.example.client.Client -  Не удалось подключиться: java.net.ConnectException: Connection refused: no further information
2025-04-24 22:27:06 INFO  org.example.client.Client - Попытка подключения к localhost:1234
2025-04-24 22:27:06 WARN  org.example.client.Client -  Не удалось подключиться: java.net.ConnectException: Connection refused: no further information
2025-04-24 22:27:06 INFO  org.example.client.Client - Попытка подключения к localhost:1234
2025-04-24 22:27:06 WARN  org.example.client.Client -  Не удалось подключиться: java.net.ConnectException: Connection refused: no further information
2025-04-24 22:27:07 INFO  org.example.client.Client - Попытка подключения к localhost:1234
2025-04-24 22:27:07 WARN  org.example.client.Client -  Не удалось подключиться: java.net.ConnectException: Connection refused: no further information
2025-04-24 22:27:07 INFO  org.example.client.Client - Попытка подключения к localhost:1234
2025-04-24 22:27:07 WARN  org.example.client.Client -  Не удалось подключиться: java.net.ConnectException: Connection refused: no further information
2025-04-24 22:27:07 INFO  org.example.client.Client - Попытка подключения к localhost:1234
2025-04-24 22:27:07 WARN  org.example.client.Client -  Не удалось подключиться: java.net.ConnectException: Connection refused: no further information
2025-04-24 22:27:07 INFO  org.example.client.Client - Попытка подключения к localhost:1234
2025-04-24 22:27:07 WARN  org.example.client.Client -  Не удалось подключиться: java.net.ConnectException: Connection refused: no further information
2025-04-24 22:27:07 INFO  org.example.client.Client - Попытка подключения к localhost:1234
2025-04-24 22:27:07 WARN  org.example.client.Client -  Не удалось подключиться: java.net.ConnectException: Connection refused: no further information
2025-04-24 22:27:07 INFO  org.example.client.Client - Попытка подключения к localhost:1234
2025-04-24 22:27:07 WARN  org.example.client.Client -  Не удалось подключиться: java.net.ConnectException: Connection refused: no further information
2025-04-24 22:27:07 INFO  org.example.client.Client - Попытка подключения к localhost:1234
2025-04-24 22:27:07 WARN  org.example.client.Client -  Не удалось подключиться: java.net.ConnectException: Connection refused: no further information
2025-04-24 22:27:07 INFO  org.example.client.Client - Попытка подключения к localhost:1234
2025-04-24 22:27:07 WARN  org.example.client.Client -  Не удалось подключиться: java.net.ConnectException: Connection refused: no further information
2025-04-24 22:27:07 INFO  org.example.client.Client - Попытка подключения к localhost:1234
2025-04-24 22:27:07 WARN  org.example.client.Client -  Не удалось подключиться: java.net.ConnectException: Connection refused: no further information
2025-04-24 22:27:08 INFO  org.example.client.Client - Попытка подключения к localhost:1234
2025-04-24 22:27:08 WARN  org.example.client.Client -  Не удалось подключиться: java.net.ConnectException: Connection refused: no further information
2025-04-24 22:27:08 INFO  org.example.client.Client - Попытка подключения к localhost:1234
2025-04-24 22:27:08 WARN  org.example.client.Client -  Не удалось подключиться: java.net.ConnectException: Connection refused: no further information
2025-04-24 22:27:08 INFO  org.example.client.Client - Попытка подключения к localhost:1234
2025-04-24 22:27:08 WARN  org.example.client.Client -  Не удалось подключиться: java.net.ConnectException: Connection refused: no further information
2025-04-24 22:27:08 INFO  org.example.client.Client - Попытка подключения к localhost:1234
2025-04-24 22:27:08 WARN  org.example.client.Client -  Не удалось подключиться: java.net.ConnectException: Connection refused: no further information
2025-04-24 22:27:08 INFO  org.example.client.Client - Попытка подключения к localhost:1234
2025-04-24 22:27:08 WARN  org.example.client.Client -  Не удалось подключиться: java.net.ConnectException: Connection refused: no further information
2025-04-24 22:27:08 INFO  org.example.client.Client - Попытка подключения к localhost:1234
2025-04-24 22:27:08 WARN  org.example.client.Client -  Не удалось подключиться: java.net.ConnectException: Connection refused: no further information
2025-04-24 22:27:08 INFO  org.example.client.Client - Попытка подключения к localhost:1234
2025-04-24 22:27:08 WARN  org.example.client.Client -  Не удалось подключиться: java.net.ConnectException: Connection refused: no further information
2025-04-24 22:27:08 INFO  org.example.client.Client - Попытка подключения к localhost:1234
2025-04-24 22:27:08 WARN  org.example.client.Client -  Не удалось подключиться: java.net.ConnectException: Connection refused: no further information
2025-04-24 22:27:08 INFO  org.example.client.Client - Попытка подключения к localhost:1234
2025-04-24 22:27:08 WARN  org.example.client.Client -  Не удалось подключиться: java.net.ConnectException: Connection refused: no further information
2025-04-24 22:27:09 INFO  org.example.client.Client - Попытка подключения к localhost:1234
2025-04-24 22:27:09 WARN  org.example.client.Client -  Не удалось подключиться: java.net.ConnectException: Connection refused: no further information
2025-04-24 22:27:09 INFO  org.example.client.Client - Попытка подключения к localhost:1234
2025-04-24 22:27:09 WARN  org.example.client.Client -  Не удалось подключиться: java.net.ConnectException: Connection refused: no further information
2025-04-24 22:27:09 INFO  org.example.client.Client - Попытка подключения к localhost:1234
2025-04-24 22:27:09 WARN  org.example.client.Client -  Не удалось подключиться: java.net.ConnectException: Connection refused: no further information
2025-04-24 22:27:09 INFO  org.example.client.Client - Попытка подключения к localhost:1234
2025-04-24 22:27:09 WARN  org.example.client.Client -  Не удалось подключиться: java.net.ConnectException: Connection refused: no further information
2025-04-24 22:27:09 INFO  org.example.client.Client - Попытка подключения к localhost:1234
2025-04-24 22:27:09 WARN  org.example.client.Client -  Не удалось подключиться: java.net.ConnectException: Connection refused: no further information
2025-04-24 22:27:09 INFO  org.example.client.Client - Попытка подключения к localhost:1234
2025-04-24 22:27:09 WARN  org.example.client.Client -  Не удалось подключиться: java.net.ConnectException: Connection refused: no further information
2025-04-24 22:27:09 INFO  org.example.client.Client - Попытка подключения к localhost:1234
2025-04-24 22:27:09 WARN  org.example.client.Client -  Не удалось подключиться: java.net.ConnectException: Connection refused: no further information
2025-04-24 22:27:09 INFO  org.example.client.Client - Попытка подключения к localhost:1234
2025-04-24 22:27:09 WARN  org.example.client.Client -  Не удалось подключиться: java.net.ConnectException: Connection refused: no further information
2025-04-24 22:27:09 INFO  org.example.client.Client - Попытка подключения к localhost:1234
2025-04-24 22:27:09 WARN  org.example.client.Client -  Не удалось подключиться: java.net.ConnectException: Connection refused: no further information
2025-04-24 22:27:10 INFO  org.example.client.Client - Попытка подключения к localhost:1234
2025-04-24 22:27:10 WARN  org.example.client.Client -  Не удалось подключиться: java.net.ConnectException: Connection refused: no further information
2025-04-24 22:27:10 INFO  org.example.client.Client - Попытка подключения к localhost:1234
2025-04-24 22:27:10 WARN  org.example.client.Client -  Не удалось подключиться: java.net.ConnectException: Connection refused: no further information
2025-04-24 22:27:10 INFO  org.example.client.Client - Попытка подключения к localhost:1234
2025-04-24 22:27:10 WARN  org.example.client.Client -  Не удалось подключиться: java.net.ConnectException: Connection refused: no further information
2025-04-24 22:27:10 INFO  org.example.client.Client - Попытка подключения к localhost:1234
2025-04-24 22:27:10 WARN  org.example.client.Client -  Не удалось подключиться: java.net.ConnectException: Connection refused: no further information
2025-04-24 22:27:10 INFO  org.example.client.Client - Попытка подключения к localhost:1234
2025-04-24 22:27:10 WARN  org.example.client.Client -  Не удалось подключиться: java.net.ConnectException: Connection refused: no further information
2025-04-24 22:27:10 INFO  org.example.client.Client - Попытка подключения к localhost:1234
2025-04-24 22:27:10 WARN  org.example.client.Client -  Не удалось подключиться: java.net.ConnectException: Connection refused: no further information
2025-04-24 22:27:10 INFO  org.example.client.Client - Попытка подключения к localhost:1234
2025-04-24 22:27:10 WARN  org.example.client.Client -  Не удалось подключиться: java.net.ConnectException: Connection refused: no further information
2025-04-24 22:27:10 INFO  org.example.client.Client - Попытка подключения к localhost:1234
2025-04-24 22:27:10 WARN  org.example.client.Client -  Не удалось подключиться: java.net.ConnectException: Connection refused: no further information
2025-04-24 22:27:10 INFO  org.example.client.Client - Попытка подключения к localhost:1234
2025-04-24 22:27:10 WARN  org.example.client.Client -  Не удалось подключиться: java.net.ConnectException: Connection refused: no further information
2025-04-24 22:27:11 INFO  org.example.client.Client - Попытка подключения к localhost:1234
2025-04-24 22:27:11 WARN  org.example.client.Client -  Не удалось подключиться: java.net.ConnectException: Connection refused: no further information
2025-04-24 22:27:11 INFO  org.example.client.Client - Попытка подключения к localhost:1234
2025-04-24 22:27:11 WARN  org.example.client.Client -  Не удалось подключиться: java.net.ConnectException: Connection refused: no further information
2025-04-24 22:27:11 INFO  org.example.client.Client - Попытка подключения к localhost:1234
2025-04-24 22:27:11 WARN  org.example.client.Client -  Не удалось подключиться: java.net.ConnectException: Connection refused: no further information
2025-04-24 22:27:11 INFO  org.example.client.Client - Попытка подключения к localhost:1234
2025-04-24 22:27:11 WARN  org.example.client.Client -  Не удалось подключиться: java.net.ConnectException: Connection refused: no further information
2025-04-24 22:27:11 INFO  org.example.client.Client - Попытка подключения к localhost:1234
2025-04-24 22:27:11 WARN  org.example.client.Client -  Не удалось подключиться: java.net.ConnectException: Connection refused: no further information
2025-04-24 22:27:11 INFO  org.example.client.Client - Попытка подключения к localhost:1234
2025-04-24 22:27:11 WARN  org.example.client.Client -  Не удалось подключиться: java.net.ConnectException: Connection refused: no further information
2025-04-24 22:27:11 INFO  org.example.client.Client - Попытка подключения к localhost:1234
2025-04-24 22:27:11 WARN  org.example.client.Client -  Не удалось подключиться: java.net.ConnectException: Connection refused: no further information
2025-04-24 22:27:11 INFO  org.example.client.Client - Попытка подключения к localhost:1234
2025-04-24 22:27:11 WARN  org.example.client.Client -  Не удалось подключиться: java.net.ConnectException: Connection refused: no further information
2025-04-24 22:27:11 INFO  org.example.client.Client - Попытка подключения к localhost:1234
2025-04-24 22:27:11 WARN  org.example.client.Client -  Не удалось подключиться: java.net.ConnectException: Connection refused: no further information
2025-04-24 22:27:11 INFO  org.example.client.Client - Попытка подключения к localhost:1234
2025-04-24 22:27:11 WARN  org.example.client.Client -  Не удалось подключиться: java.net.ConnectException: Connection refused: no further information
2025-04-24 22:27:12 INFO  org.example.client.Client - Попытка подключения к localhost:1234
2025-04-24 22:27:12 WARN  org.example.client.Client -  Не удалось подключиться: java.net.ConnectException: Connection refused: no further information
2025-04-24 22:27:12 INFO  org.example.client.Client - Попытка подключения к localhost:1234
2025-04-24 22:27:12 WARN  org.example.client.Client -  Не удалось подключиться: java.net.ConnectException: Connection refused: no further information
2025-04-24 22:27:12 INFO  org.example.client.Client - Попытка подключения к localhost:1234
2025-04-24 22:27:12 WARN  org.example.client.Client -  Не удалось подключиться: java.net.ConnectException: Connection refused: no further information
2025-04-24 22:27:12 INFO  org.example.client.Client - Попытка подключения к localhost:1234
2025-04-24 22:27:12 WARN  org.example.client.Client -  Не удалось подключиться: java.net.ConnectException: Connection refused: no further information
2025-04-24 22:27:12 INFO  org.example.client.Client - Попытка подключения к localhost:1234
2025-04-24 22:27:12 WARN  org.example.client.Client -  Не удалось подключиться: java.net.ConnectException: Connection refused: no further information
2025-04-24 22:27:12 INFO  org.example.client.Client - Попытка подключения к localhost:1234
2025-04-24 22:27:12 WARN  org.example.client.Client -  Не удалось подключиться: java.net.ConnectException: Connection refused: no further information
2025-04-24 22:27:12 INFO  org.example.client.Client - Попытка подключения к localhost:1234
2025-04-24 22:27:12 WARN  org.example.client.Client -  Не удалось подключиться: java.net.ConnectException: Connection refused: no further information
2025-04-24 22:27:12 INFO  org.example.client.Client - Попытка подключения к localhost:1234
2025-04-24 22:27:12 WARN  org.example.client.Client -  Не удалось подключиться: java.net.ConnectException: Connection refused: no further information
2025-04-24 22:27:12 INFO  org.example.client.Client - Попытка подключения к localhost:1234
2025-04-24 22:27:12 WARN  org.example.client.Client -  Не удалось подключиться: java.net.ConnectException: Connection refused: no further information
2025-04-24 22:27:13 INFO  org.example.client.Client - Попытка подключения к localhost:1234
2025-04-24 22:27:13 WARN  org.example.client.Client -  Не удалось подключиться: java.net.ConnectException: Connection refused: no further information
2025-04-24 22:27:13 INFO  org.example.client.Client - Попытка подключения к localhost:1234
2025-04-24 22:27:13 WARN  org.example.client.Client -  Не удалось подключиться: java.net.ConnectException: Connection refused: no further information
2025-04-24 22:27:13 INFO  org.example.client.Client - Попытка подключения к localhost:1234
2025-04-24 22:27:13 WARN  org.example.client.Client -  Не удалось подключиться: java.net.ConnectException: Connection refused: no further information
2025-04-24 22:27:13 INFO  org.example.client.Client - Попытка подключения к localhost:1234
2025-04-24 22:27:13 WARN  org.example.client.Client -  Не удалось подключиться: java.net.ConnectException: Connection refused: no further information
2025-04-24 22:27:49 INFO  org.example.client.Client - Попытка подключения к localhost:1234
2025-04-24 22:27:49 WARN  org.example.client.Client -  Не удалось подключиться: java.net.ConnectException: Connection refused: no further information
2025-04-24 22:30:38 INFO  org.example.client.Client - Попытка подключения к localhost:1234
2025-04-24 22:30:38 WARN  org.example.client.Client - Не удалось подключиться
2025-04-24 22:30:38 INFO  org.example.client.Client - Попытка переподключения через 5 секунд...
2025-04-24 22:30:43 INFO  org.example.client.Client - Попытка подключения к localhost:1234
2025-04-24 22:30:43 WARN  org.example.client.Client - Не удалось подключиться
2025-04-24 22:30:43 INFO  org.example.client.Client - Попытка переподключения через 5 секунд...
2025-04-24 22:30:48 INFO  org.example.client.Client - Попытка подключения к localhost:1234
2025-04-24 22:30:48 WARN  org.example.client.Client - Не удалось подключиться
2025-04-24 22:30:48 INFO  org.example.client.Client - Попытка переподключения через 5 секунд...
2025-04-24 22:31:31 INFO  org.example.client.Client - Попытка подключения к localhost:1234
2025-04-24 22:31:31 WARN  org.example.client.Client - Не удалось подключиться
2025-04-24 22:31:31 INFO  org.example.client.Client - Попытка переподключения через 5 секунд...
2025-04-24 22:31:36 INFO  org.example.client.Client - Попытка подключения к localhost:1234
2025-04-24 22:31:36 WARN  org.example.client.Client - Не удалось подключиться
2025-04-24 22:31:36 INFO  org.example.client.Client - Попытка переподключения через 5 секунд...
2025-04-24 22:31:39 INFO  org.example.server.Server - Сервер запущен
2025-04-24 22:31:42 INFO  org.example.client.Client - Попытка подключения к localhost:1234
2025-04-24 22:31:42 INFO  org.example.client.Client -  Подключение установлено
2025-04-24 22:31:42 INFO  org.example.server.Server - Получено соединение с CLIENT
2025-04-24 22:52:47 INFO  org.example.client.Client - Попытка подключения к localhost:1234
2025-04-24 22:52:47 WARN  org.example.client.Client - Не удалось подключиться
2025-04-24 22:52:47 INFO  org.example.client.Client - Попытка переподключения через 10 секунд...
2025-04-24 22:52:51 INFO  org.example.server.Server - Сервер запущен
2025-04-24 22:52:57 INFO  org.example.client.Client - Попытка подключения к localhost:1234
2025-04-24 22:52:57 WARN  org.example.client.Client - Не удалось подключиться
2025-04-24 22:52:57 INFO  org.example.client.Client - Попытка переподключения через 10 секунд...
2025-04-24 22:53:07 INFO  org.example.client.Client - Попытка подключения к localhost:1234
2025-04-24 22:53:07 WARN  org.example.client.Client - Не удалось подключиться
2025-04-24 22:53:07 INFO  org.example.client.Client - Попытка переподключения через 10 секунд...
2025-04-24 22:53:17 INFO  org.example.client.Client - Попытка подключения к localhost:1234
2025-04-24 22:53:17 WARN  org.example.client.Client - Не удалось подключиться
2025-04-24 22:53:17 INFO  org.example.client.Client - Попытка переподключения через 10 секунд...
2025-04-24 22:53:22 INFO  org.example.client.Client - Попытка подключения к localhost:1234
2025-04-24 22:53:22 WARN  org.example.client.Client - Не удалось подключиться
2025-04-24 22:53:22 INFO  org.example.client.Client - Попытка переподключения через 10 секунд...
2025-04-24 22:53:27 INFO  org.example.client.Client - Попытка подключения к localhost:1234
2025-04-24 22:53:27 WARN  org.example.client.Client - Не удалось подключиться
2025-04-24 22:53:27 INFO  org.example.client.Client - Попытка переподключения через 10 секунд...
2025-04-24 22:53:32 INFO  org.example.client.Client - Попытка подключения к localhost:1234
2025-04-24 22:53:32 WARN  org.example.client.Client - Не удалось подключиться
2025-04-24 22:53:32 INFO  org.example.client.Client - Попытка переподключения через 5 секунд...
2025-04-24 22:53:37 INFO  org.example.client.Client - Попытка подключения к localhost:1234
2025-04-24 22:53:37 WARN  org.example.client.Client - Не удалось подключиться
2025-04-24 22:53:37 INFO  org.example.client.Client - Попытка переподключения через 5 секунд...
2025-04-24 22:53:37 INFO  org.example.server.Server - Сервер запущен
2025-04-24 22:53:42 INFO  org.example.client.Client - Попытка подключения к localhost:1234
2025-04-24 22:53:42 INFO  org.example.client.Client -  Подключение установлено
2025-04-24 22:53:42 INFO  org.example.server.Server - Получено соединение с CLIENT
2025-04-24 22:58:08 INFO  org.example.client.Client - Попытка подключения к localhost:1234
2025-04-24 22:58:08 WARN  org.example.client.Client - Не удалось подключиться
2025-04-24 22:58:08 INFO  org.example.client.Client - Попытка переподключения через 5 секунд...
2025-04-24 22:58:10 INFO  org.example.server.Server - Сервер запущен
2025-04-24 22:58:13 INFO  org.example.client.Client - Попытка подключения к localhost:1234
2025-04-24 22:58:13 INFO  org.example.client.Client -  Подключение установлено
2025-04-24 22:58:13 INFO  org.example.server.Server - Получено соединение с CLIENT
2025-04-24 22:58:25 INFO  org.example.client.Client - Отправка сообщения на сервер...
2025-04-24 22:59:10 INFO  org.example.client.Client - Отправка сообщения на сервер...
2025-04-24 23:17:05 INFO  org.example.client.Client - Попытка подключения к localhost:1234
2025-04-24 23:17:05 WARN  org.example.client.Client - Не удалось подключиться
2025-04-24 23:17:05 INFO  org.example.client.Client - Попытка переподключения через 5 секунд...
2025-04-24 23:17:07 INFO  org.example.server.Server - Сервер запущен
2025-04-24 23:17:10 INFO  org.example.client.Client - Попытка подключения к localhost:1234
2025-04-24 23:17:10 INFO  org.example.client.Client -  Подключение установлено
2025-04-24 23:17:10 INFO  org.example.server.Server - Получено соединение с CLIENT
2025-04-24 23:17:15 INFO  org.example.client.Client - Отправка сообщения на сервер...
2025-04-24 23:18:34 ERROR org.example.server.Server - Ошибка запуска
2025-04-24 23:18:37 INFO  org.example.client.Client - Попытка подключения к localhost:1234
2025-04-24 23:18:37 WARN  org.example.client.Client - Не удалось подключиться
2025-04-24 23:18:37 INFO  org.example.client.Client - Попытка переподключения через 5 секунд...
2025-04-24 23:18:39 INFO  org.example.server.Server - Сервер запущен
2025-04-24 23:18:42 INFO  org.example.client.Client - Попытка подключения к localhost:1234
2025-04-24 23:18:42 INFO  org.example.client.Client -  Подключение установлено
2025-04-24 23:18:42 INFO  org.example.server.Server - Получено соединение с CLIENT
2025-04-24 23:18:45 INFO  org.example.client.Client - Отправка сообщения на сервер...
2025-04-24 23:19:31 ERROR org.example.server.Server - Ошибка запуска
2025-04-24 23:19:34 INFO  org.example.client.Client - Попытка подключения к localhost:1234
2025-04-24 23:19:34 WARN  org.example.client.Client - Не удалось подключиться
2025-04-24 23:19:34 INFO  org.example.client.Client - Попытка переподключения через 5 секунд...
2025-04-24 23:19:35 INFO  org.example.server.Server - Сервер запущен
2025-04-24 23:19:39 INFO  org.example.client.Client - Попытка подключения к localhost:1234
2025-04-24 23:19:39 INFO  org.example.client.Client -  Подключение установлено
2025-04-24 23:19:39 INFO  org.example.server.Server - Получено соединение с CLIENT
2025-04-24 23:19:41 INFO  org.example.client.Client - Отправка сообщения на сервер...
